<?xml version="1.0" encoding="UTF-8"?>
<testng-results ignored="0" total="1" passed="1" failed="0" skipped="0">
  <reporter-output>
  </reporter-output>
  <suite started-at="2022-07-15T12:24:34 IST" name="Default suite" finished-at="2022-07-15T12:24:34 IST" duration-ms="36">
    <groups>
    </groups>
    <test started-at="2022-07-15T12:24:34 IST" name="Default test" finished-at="2022-07-15T12:24:34 IST" duration-ms="36">
      <class name="com.git.Project1">
        <test-method signature="testMaster()[pri:0, instance:com.git.Project1@47faa49c]" started-at="2022-07-15T12:24:34 IST" name="testMaster" finished-at="2022-07-15T12:24:34 IST" duration-ms="8" status="PASS">
          <reporter-output>
          </reporter-output>
        </test-method> <!-- testMaster -->
      </class> <!-- com.git.Project1 -->
    </test> <!-- Default test -->
  </suite> <!-- Default suite -->
</testng-results>
